  Assets.cpp
  Camera.cpp
  GameTimer.cpp
  Keyboard.cpp
  Maths.cpp
  Matrix2.cpp
  Matrix3.cpp
  Matrix4.cpp
  MeshGeometry.cpp
C:\Users\b9059529\Documents\Coursework\CSC8503-Game-Technologies\Common\MeshGeometry.cpp(64,23): warning C4018: '<': signed/unsigned mismatch
C:\Users\b9059529\Documents\Coursework\CSC8503-Game-Technologies\Common\MeshGeometry.cpp(73,23): warning C4018: '<': signed/unsigned mismatch
C:\Users\b9059529\Documents\Coursework\CSC8503-Game-Technologies\Common\MeshGeometry.cpp(83,23): warning C4018: '<': signed/unsigned mismatch
C:\Users\b9059529\Documents\Coursework\CSC8503-Game-Technologies\Common\MeshGeometry.cpp(94,23): warning C4018: '<': signed/unsigned mismatch
  Mouse.cpp
  Plane.cpp
  Quaternion.cpp
  RendererBase.cpp
  ShaderBase.cpp
  SimpleFont.cpp
C:\Users\b9059529\Documents\Coursework\CSC8503-Game-Technologies\Common\MeshGeometry.cpp(132,23): warning C4018: '<': signed/unsigned mismatch
  TextureBase.cpp
  TextureLoader.cpp
  TextureWriter.cpp
  Vector2.cpp
  Vector3.cpp
  Generating Code...
  Compiling...
  Vector4.cpp
  Win32Keyboard.cpp
  Win32Mouse.cpp
  Win32Window.cpp
  Window.cpp
  Generating Code...
C:\Users\b9059529\Documents\Coursework\CSC8503-Game-Technologies\Common\SimpleFont.cpp(39,23): warning C4018: '<': signed/unsigned mismatch
  Common.vcxproj -> C:\Users\b9059529\Documents\Coursework\CSC8503-Game-Technologies\Win32\Debug\Common.lib
